<?xml version="1.0" encoding="UTF-8"?>
<testng-results skipped="0" failed="0" ignored="0" total="2" passed="2">
  <reporter-output>
  </reporter-output>
  <suite name="Default suite" duration-ms="22818" started-at="2018-04-18T23:44:33Z" finished-at="2018-04-18T23:44:56Z">
    <groups>
    </groups>
    <test name="Default test" duration-ms="22818" started-at="2018-04-18T23:44:33Z" finished-at="2018-04-18T23:44:56Z">
      <class name="jbhifiene.jbhifi.Loginfunction1">
        <test-method status="PASS" signature="login(java.lang.String, java.lang.String)[pri:0, instance:jbhifiene.jbhifi.Loginfunction1@1bce4f0a]" name="login" duration-ms="12778" started-at="2018-04-18T23:44:33Z" data-provider="getdata" finished-at="2018-04-18T23:44:46Z">
          <params>
            <param index="0">
              <value>
                <![CDATA[abchddkfv]]>
              </value>
            </param>
            <param index="1">
              <value>
                <![CDATA[sfnonowv]]>
              </value>
            </param>
          </params>
          <reporter-output>
          </reporter-output>
        </test-method> <!-- login -->
        <test-method status="PASS" signature="closebrowser()[pri:0, instance:jbhifiene.jbhifi.Loginfunction1@1bce4f0a]" name="closebrowser" is-config="true" duration-ms="222" started-at="2018-04-18T23:44:46Z" finished-at="2018-04-18T23:44:46Z">
          <reporter-output>
          </reporter-output>
        </test-method> <!-- closebrowser -->
        <test-method status="PASS" signature="login(java.lang.String, java.lang.String)[pri:0, instance:jbhifiene.jbhifi.Loginfunction1@1bce4f0a]" name="login" duration-ms="9539" started-at="2018-04-18T23:44:46Z" data-provider="getdata" finished-at="2018-04-18T23:44:56Z">
          <params>
            <param index="0">
              <value>
                <![CDATA[knfeonfekne]]>
              </value>
            </param>
            <param index="1">
              <value>
                <![CDATA[fbijbvjefj]]>
              </value>
            </param>
          </params>
          <reporter-output>
          </reporter-output>
        </test-method> <!-- login -->
        <test-method status="PASS" signature="closebrowser()[pri:0, instance:jbhifiene.jbhifi.Loginfunction1@1bce4f0a]" name="closebrowser" is-config="true" duration-ms="223" started-at="2018-04-18T23:44:56Z" finished-at="2018-04-18T23:44:56Z">
          <reporter-output>
          </reporter-output>
        </test-method> <!-- closebrowser -->
      </class> <!-- jbhifiene.jbhifi.Loginfunction1 -->
    </test> <!-- Default test -->
  </suite> <!-- Default suite -->
</testng-results>
